This is pdfTeX, Version 3.141592653-2.6-1.40.25 (MiKTeX 23.10) (preloaded format=pdflatex 2023.10.16)  17 OCT 2023 12:39
entering extended mode
 restricted \write18 enabled.
 file:line:error style messages enabled.
 %&-line parsing enabled.
**./main.tex
(main.tex
LaTeX2e <2023-06-01> patch level 1
L3 programming layer <2023-08-29>
(C:\Users\Stealth\AppData\Local\Programs\MiKTeX\tex/latex/base\article.cls
Document Class: article 2023/05/17 v1.4n Standard LaTeX document class
(C:\Users\Stealth\AppData\Local\Programs\MiKTeX\tex/latex/base\size10.clo
File: size10.clo 2023/05/17 v1.4n Standard LaTeX file (size option)
)
\c@part=\count185
\c@section=\count186
\c@subsection=\count187
\c@subsubsection=\count188
\c@paragraph=\count189
\c@subparagraph=\count190
\c@figure=\count191
\c@table=\count192
\abovecaptionskip=\skip48
\belowcaptionskip=\skip49
\bibindent=\dimen140
)
(C:\Users\Stealth\AppData\Local\Programs\MiKTeX\tex/latex/base\inputenc.sty
Package: inputenc 2021/02/14 v1.3d Input encoding file
\inpenc@prehook=\toks17
\inpenc@posthook=\toks18
)
(C:\Users\Stealth\AppData\Local\Programs\MiKTeX\tex/latex/geometry\geometry.sty
Package: geometry 2020/01/02 v5.9 Page Geometry
(C:\Users\Stealth\AppData\Local\Programs\MiKTeX\tex/latex/graphics\keyval.sty
Package: keyval 2022/05/29 v1.15 key=value parser (DPC)
\KV@toks@=\toks19
)
(C:\Users\Stealth\AppData\Local\Programs\MiKTeX\tex/generic/iftex\ifvtex.sty
Package: ifvtex 2019/10/25 v1.7 ifvtex legacy package. Use iftex instead.

(C:\Users\Stealth\AppData\Local\Programs\MiKTeX\tex/generic/iftex\iftex.sty
Package: iftex 2022/02/03 v1.0f TeX engine tests
))
\Gm@cnth=\count193
\Gm@cntv=\count194
\c@Gm@tempcnt=\count195
\Gm@bindingoffset=\dimen141
\Gm@wd@mp=\dimen142
\Gm@odd@mp=\dimen143
\Gm@even@mp=\dimen144
\Gm@layoutwidth=\dimen145
\Gm@layoutheight=\dimen146
\Gm@layouthoffset=\dimen147
\Gm@layoutvoffset=\dimen148
\Gm@dimlist=\toks20

(C:\Users\Stealth\AppData\Local\Programs\MiKTeX\tex/latex/geometry\geometry.cfg
))
(C:\Users\Stealth\AppData\Local\Programs\MiKTeX\tex/latex/graphics\graphicx.sty
Package: graphicx 2021/09/16 v1.2d Enhanced LaTeX Graphics (DPC,SPQR)

(C:\Users\Stealth\AppData\Local\Programs\MiKTeX\tex/latex/graphics\graphics.sty
Package: graphics 2022/03/10 v1.4e Standard LaTeX Graphics (DPC,SPQR)
(C:\Users\Stealth\AppData\Local\Programs\MiKTeX\tex/latex/graphics\trig.sty
Package: trig 2021/08/11 v1.11 sin cos tan (DPC)
)
(C:\Users\Stealth\AppData\Local\Programs\MiKTeX\tex/latex/graphics-cfg\graphics
.cfg
File: graphics.cfg 2016/06/04 v1.11 sample graphics configuration
)
Package graphics Info: Driver file: pdftex.def on input line 107.

(C:\Users\Stealth\AppData\Local\Programs\MiKTeX\tex/latex/graphics-def\pdftex.d
ef
File: pdftex.def 2022/09/22 v1.2b Graphics/color driver for pdftex
))
\Gin@req@height=\dimen149
\Gin@req@width=\dimen150
)
(C:\Users\Stealth\AppData\Local\Programs\MiKTeX\tex/latex/amsmath\amsmath.sty
Package: amsmath 2023/05/13 v2.17o AMS math features
\@mathmargin=\skip50

For additional information on amsmath, use the `?' option.
(C:\Users\Stealth\AppData\Local\Programs\MiKTeX\tex/latex/amsmath\amstext.sty
Package: amstext 2021/08/26 v2.01 AMS text

(C:\Users\Stealth\AppData\Local\Programs\MiKTeX\tex/latex/amsmath\amsgen.sty
File: amsgen.sty 1999/11/30 v2.0 generic functions
\@emptytoks=\toks21
\ex@=\dimen151
))
(C:\Users\Stealth\AppData\Local\Programs\MiKTeX\tex/latex/amsmath\amsbsy.sty
Package: amsbsy 1999/11/29 v1.2d Bold Symbols
\pmbraise@=\dimen152
)
(C:\Users\Stealth\AppData\Local\Programs\MiKTeX\tex/latex/amsmath\amsopn.sty
Package: amsopn 2022/04/08 v2.04 operator names
)
\inf@bad=\count196
LaTeX Info: Redefining \frac on input line 234.
\uproot@=\count197
\leftroot@=\count198
LaTeX Info: Redefining \overline on input line 399.
LaTeX Info: Redefining \colon on input line 410.
\classnum@=\count199
\DOTSCASE@=\count266
LaTeX Info: Redefining \ldots on input line 496.
LaTeX Info: Redefining \dots on input line 499.
LaTeX Info: Redefining \cdots on input line 620.
\Mathstrutbox@=\box51
\strutbox@=\box52
LaTeX Info: Redefining \big on input line 722.
LaTeX Info: Redefining \Big on input line 723.
LaTeX Info: Redefining \bigg on input line 724.
LaTeX Info: Redefining \Bigg on input line 725.
\big@size=\dimen153
LaTeX Font Info:    Redeclaring font encoding OML on input line 743.
LaTeX Font Info:    Redeclaring font encoding OMS on input line 744.
\macc@depth=\count267
LaTeX Info: Redefining \bmod on input line 905.
LaTeX Info: Redefining \pmod on input line 910.
LaTeX Info: Redefining \smash on input line 940.
LaTeX Info: Redefining \relbar on input line 970.
LaTeX Info: Redefining \Relbar on input line 971.
\c@MaxMatrixCols=\count268
\dotsspace@=\muskip16
\c@parentequation=\count269
\dspbrk@lvl=\count270
\tag@help=\toks22
\row@=\count271
\column@=\count272
\maxfields@=\count273
\andhelp@=\toks23
\eqnshift@=\dimen154
\alignsep@=\dimen155
\tagshift@=\dimen156
\tagwidth@=\dimen157
\totwidth@=\dimen158
\lineht@=\dimen159
\@envbody=\toks24
\multlinegap=\skip51
\multlinetaggap=\skip52
\mathdisplay@stack=\toks25
LaTeX Info: Redefining \[ on input line 2953.
LaTeX Info: Redefining \] on input line 2954.
)
(C:\Users\Stealth\AppData\Local\Programs\MiKTeX\tex/latex/float\float.sty
Package: float 2001/11/08 v1.3d Float enhancements (AL)
\c@float@type=\count274
\float@exts=\toks26
\float@box=\box53
\@float@everytoks=\toks27
\@floatcapt=\box54
)
(C:\Users\Stealth\AppData\Local\Programs\MiKTeX\tex/latex/tools\indentfirst.sty
Package: indentfirst 1995/11/23 v1.03 Indent first paragraph (DPC)
)
(C:\Users\Stealth\AppData\Local\Programs\MiKTeX\tex/latex/hyperref\hyperref.sty
Package: hyperref 2023-07-08 v7.01b Hypertext links for LaTeX

(C:\Users\Stealth\AppData\Local\Programs\MiKTeX\tex/generic/ltxcmds\ltxcmds.sty
Package: ltxcmds 2020-05-10 v1.25 LaTeX kernel commands for general use (HO)
)
(C:\Users\Stealth\AppData\Local\Programs\MiKTeX\tex/generic/pdftexcmds\pdftexcm
ds.sty
Package: pdftexcmds 2020-06-27 v0.33 Utility functions of pdfTeX for LuaTeX (HO
)

(C:\Users\Stealth\AppData\Local\Programs\MiKTeX\tex/generic/infwarerr\infwarerr
.sty
Package: infwarerr 2019/12/03 v1.5 Providing info/warning/error messages (HO)
)
Package pdftexcmds Info: \pdf@primitive is available.
Package pdftexcmds Info: \pdf@ifprimitive is available.
Package pdftexcmds Info: \pdfdraftmode found.
)
(C:\Users\Stealth\AppData\Local\Programs\MiKTeX\tex/latex/kvsetkeys\kvsetkeys.s
ty
Package: kvsetkeys 2022-10-05 v1.19 Key value parser (HO)
)
(C:\Users\Stealth\AppData\Local\Programs\MiKTeX\tex/generic/kvdefinekeys\kvdefi
nekeys.sty
Package: kvdefinekeys 2019-12-19 v1.6 Define keys (HO)
)
(C:\Users\Stealth\AppData\Local\Programs\MiKTeX\tex/generic/pdfescape\pdfescape
.sty
Package: pdfescape 2019/12/09 v1.15 Implements pdfTeX's escape features (HO)
)
(C:\Users\Stealth\AppData\Local\Programs\MiKTeX\tex/latex/hycolor\hycolor.sty
Package: hycolor 2020-01-27 v1.10 Color options for hyperref/bookmark (HO)
)
(C:\Users\Stealth\AppData\Local\Programs\MiKTeX\tex/latex/letltxmacro\letltxmac
ro.sty
Package: letltxmacro 2019/12/03 v1.6 Let assignment for LaTeX macros (HO)
)
(C:\Users\Stealth\AppData\Local\Programs\MiKTeX\tex/latex/auxhook\auxhook.sty
Package: auxhook 2019-12-17 v1.6 Hooks for auxiliary files (HO)
)
(C:\Users\Stealth\AppData\Local\Programs\MiKTeX\tex/latex/hyperref\nameref.sty
Package: nameref 2023-08-07 v2.53 Cross-referencing by name of section

(C:\Users\Stealth\AppData\Local\Programs\MiKTeX\tex/latex/refcount\refcount.sty
Package: refcount 2019/12/15 v3.6 Data extraction from label references (HO)
)
(C:\Users\Stealth\AppData\Local\Programs\MiKTeX\tex/generic/gettitlestring\gett
itlestring.sty
Package: gettitlestring 2019/12/15 v1.6 Cleanup title references (HO)

(C:\Users\Stealth\AppData\Local\Programs\MiKTeX\tex/latex/kvoptions\kvoptions.s
ty
Package: kvoptions 2022-06-15 v3.15 Key value format for package options (HO)
))
\c@section@level=\count275
)
(C:\Users\Stealth\AppData\Local\Programs\MiKTeX\tex/latex/etoolbox\etoolbox.sty
Package: etoolbox 2020/10/05 v2.5k e-TeX tools for LaTeX (JAW)
\etb@tempcnta=\count276
)
\@linkdim=\dimen160
\Hy@linkcounter=\count277
\Hy@pagecounter=\count278
 (C:\Users\Stealth\AppData\Local\Programs\MiKTeX\tex/latex/hyperref\pd1enc.def
File: pd1enc.def 2023-07-08 v7.01b Hyperref: PDFDocEncoding definition (HO)
Now handling font encoding PD1 ...
... no UTF-8 mapping file for font encoding PD1
)
(C:\Users\Stealth\AppData\Local\Programs\MiKTeX\tex/generic/intcalc\intcalc.sty
Package: intcalc 2019/12/15 v1.3 Expandable calculations with integers (HO)
)
\Hy@SavedSpaceFactor=\count279
 (C:\Users\Stealth\AppData\Local\Programs\MiKTeX\tex/latex/hyperref\puenc.def
File: puenc.def 2023-07-08 v7.01b Hyperref: PDF Unicode definition (HO)
Now handling font encoding PU ...
... no UTF-8 mapping file for font encoding PU
)
Package hyperref Info: Hyper figures OFF on input line 4167.
Package hyperref Info: Link nesting OFF on input line 4172.
Package hyperref Info: Hyper index ON on input line 4175.
Package hyperref Info: Plain pages OFF on input line 4182.
Package hyperref Info: Backreferencing OFF on input line 4187.
Package hyperref Info: Implicit mode ON; LaTeX internals redefined.
Package hyperref Info: Bookmarks ON on input line 4434.
\c@Hy@tempcnt=\count280
(C:\Users\Stealth\AppData\Local\Programs\MiKTeX\tex/latex/url\url.sty
\Urlmuskip=\muskip17
Package: url 2013/09/16  ver 3.4  Verb mode for urls, etc.
)
LaTeX Info: Redefining \url on input line 4772.
\XeTeXLinkMargin=\dimen161

(C:\Users\Stealth\AppData\Local\Programs\MiKTeX\tex/generic/bitset\bitset.sty
Package: bitset 2019/12/09 v1.3 Handle bit-vector datatype (HO)

(C:\Users\Stealth\AppData\Local\Programs\MiKTeX\tex/generic/bigintcalc\bigintca
lc.sty
Package: bigintcalc 2019/12/15 v1.5 Expandable calculations on big integers (HO
)
))
\Fld@menulength=\count281
\Field@Width=\dimen162
\Fld@charsize=\dimen163
Package hyperref Info: Hyper figures OFF on input line 6051.
Package hyperref Info: Link nesting OFF on input line 6056.
Package hyperref Info: Hyper index ON on input line 6059.
Package hyperref Info: backreferencing OFF on input line 6066.
Package hyperref Info: Link coloring OFF on input line 6071.
Package hyperref Info: Link coloring with OCG OFF on input line 6076.
Package hyperref Info: PDF/A mode OFF on input line 6081.

(C:\Users\Stealth\AppData\Local\Programs\MiKTeX\tex/latex/base\atbegshi-ltx.sty
Package: atbegshi-ltx 2021/01/10 v1.0c Emulation of the original atbegshi
package with kernel methods
)
\Hy@abspage=\count282
\c@Item=\count283
\c@Hfootnote=\count284
)
Package hyperref Info: Driver (autodetected): hpdftex.

(C:\Users\Stealth\AppData\Local\Programs\MiKTeX\tex/latex/hyperref\hpdftex.def
File: hpdftex.def 2023-07-08 v7.01b Hyperref driver for pdfTeX

(C:\Users\Stealth\AppData\Local\Programs\MiKTeX\tex/latex/base\atveryend-ltx.st
y
Package: atveryend-ltx 2020/08/19 v1.0a Emulation of the original atveryend pac
kage
with kernel methods
)
\Fld@listcount=\count285
\c@bookmark@seq@number=\count286

(C:\Users\Stealth\AppData\Local\Programs\MiKTeX\tex/latex/rerunfilecheck\rerunf
ilecheck.sty
Package: rerunfilecheck 2022-07-10 v1.10 Rerun checks for auxiliary files (HO)

(C:\Users\Stealth\AppData\Local\Programs\MiKTeX\tex/generic/uniquecounter\uniqu
ecounter.sty
Package: uniquecounter 2019/12/15 v1.4 Provide unlimited unique counter (HO)
)
Package uniquecounter Info: New unique counter `rerunfilecheck' on input line 2
85.
)
\Hy@SectionHShift=\skip53
)
(C:\Users\Stealth\AppData\Local\Programs\MiKTeX\tex/latex/oberdiek\settobox.sty
Package: settobox 2016/05/16 v1.5 Assign box dimensions to length registers (HO
)
)
(C:\Users\Stealth\AppData\Local\Programs\MiKTeX\tex/latex/l3backend\l3backend-p
dftex.def
File: l3backend-pdftex.def 2023-04-19 L3 backend support: PDF output (pdfTeX)
\l__color_backend_stack_int=\count287
\l__pdf_internal_box=\box55
) (C:/Users\Stealth\Documents\physicslab\auxil\main.aux)
\openout1 = `main.aux'.

LaTeX Font Info:    Checking defaults for OML/cmm/m/it on input line 19.
LaTeX Font Info:    ... okay on input line 19.
LaTeX Font Info:    Checking defaults for OMS/cmsy/m/n on input line 19.
LaTeX Font Info:    ... okay on input line 19.
LaTeX Font Info:    Checking defaults for OT1/cmr/m/n on input line 19.
LaTeX Font Info:    ... okay on input line 19.
LaTeX Font Info:    Checking defaults for T1/cmr/m/n on input line 19.
LaTeX Font Info:    ... okay on input line 19.
LaTeX Font Info:    Checking defaults for TS1/cmr/m/n on input line 19.
LaTeX Font Info:    ... okay on input line 19.
LaTeX Font Info:    Checking defaults for OMX/cmex/m/n on input line 19.
LaTeX Font Info:    ... okay on input line 19.
LaTeX Font Info:    Checking defaults for U/cmr/m/n on input line 19.
LaTeX Font Info:    ... okay on input line 19.
LaTeX Font Info:    Checking defaults for PD1/pdf/m/n on input line 19.
LaTeX Font Info:    ... okay on input line 19.
LaTeX Font Info:    Checking defaults for PU/pdf/m/n on input line 19.
LaTeX Font Info:    ... okay on input line 19.

*geometry* driver: auto-detecting
*geometry* detected driver: pdftex
*geometry* verbose mode - [ preamble ] result:
* driver: pdftex
* paper: letterpaper
* layout: <same size as paper>
* layoutoffset:(h,v)=(0.0pt,0.0pt)
* modes: 
* h-part:(L,W,R)=(72.26999pt, 469.75502pt, 72.26999pt)
* v-part:(T,H,B)=(72.26999pt, 650.43001pt, 72.26999pt)
* \paperwidth=614.295pt
* \paperheight=794.96999pt
* \textwidth=469.75502pt
* \textheight=650.43001pt
* \oddsidemargin=0.0pt
* \evensidemargin=0.0pt
* \topmargin=-37.0pt
* \headheight=12.0pt
* \headsep=25.0pt
* \topskip=10.0pt
* \footskip=30.0pt
* \marginparwidth=65.0pt
* \marginparsep=11.0pt
* \columnsep=10.0pt
* \skip\footins=9.0pt plus 4.0pt minus 2.0pt
* \hoffset=0.0pt
* \voffset=0.0pt
* \mag=1000
* \@twocolumnfalse
* \@twosidefalse
* \@mparswitchfalse
* \@reversemarginfalse
* (1in=72.27pt=25.4mm, 1cm=28.453pt)


(C:\Users\Stealth\AppData\Local\Programs\MiKTeX\tex/context/base/mkii\supp-pdf.
mkii
[Loading MPS to PDF converter (version 2006.09.02).]
\scratchcounter=\count288
\scratchdimen=\dimen164
\scratchbox=\box56
\nofMPsegments=\count289
\nofMParguments=\count290
\everyMPshowfont=\toks28
\MPscratchCnt=\count291
\MPscratchDim=\dimen165
\MPnumerator=\count292
\makeMPintoPDFobject=\count293
\everyMPtoPDFconversion=\toks29
)
(C:\Users\Stealth\AppData\Local\Programs\MiKTeX\tex/latex/epstopdf-pkg\epstopdf
-base.sty
Package: epstopdf-base 2020-01-24 v2.11 Base part for package epstopdf
Package epstopdf-base Info: Redefining graphics rule for `.eps' on input line 4
85.

(C:\Users\Stealth\AppData\Local\Programs\MiKTeX\tex/latex/00miktex\epstopdf-sys
.cfg
File: epstopdf-sys.cfg 2021/03/18 v2.0 Configuration of epstopdf for MiKTeX
))
Package hyperref Info: Link coloring OFF on input line 19.
 (C:/Users\Stealth\Documents\physicslab\auxil\main.out)
(C:/Users\Stealth\Documents\physicslab\auxil\main.out)
\@outlinefile=\write3
\openout3 = `main.out'.

 [1

{C:/Users/Stealth/AppData/Local/MiKTeX/fonts/map/pdftex/pdftex.map}]
(C:/Users\Stealth\Documents\physicslab\auxil\main.toc)
\tf@toc=\write4
\openout4 = `main.toc'.


pdfTeX warning (ext4): destination with the same identifier (name{page.1}) has 
been already used, duplicate ignored
<to be read again> 
                   \relax 
l.25     \newpage
                  [1] [2]

Package hyperref Warning: Token not allowed in a PDF string (Unicode):
(hyperref)                removing `math shift' on input line 125.


Package hyperref Warning: Token not allowed in a PDF string (Unicode):
(hyperref)                removing `subscript' on input line 125.


Package hyperref Warning: Token not allowed in a PDF string (Unicode):
(hyperref)                removing `math shift' on input line 125.


Package hyperref Warning: Token not allowed in a PDF string (Unicode):
(hyperref)                removing `math shift' on input line 125.


Package hyperref Warning: Token not allowed in a PDF string (Unicode):
(hyperref)                removing `math shift' on input line 125.

<./latex_figures/position.png, id=168, 642.4pt x 481.8pt>
File: ./latex_figures/position.png Graphic file (type png)
<use ./latex_figures/position.png>
Package pdftex.def Info: ./latex_figures/position.png  used on input line 137.
(pdftex.def)             Requested size: 234.8775pt x 176.15327pt.
<./latex_figures/velocity.png, id=169, 642.4pt x 481.8pt>
File: ./latex_figures/velocity.png Graphic file (type png)
<use ./latex_figures/velocity.png>
Package pdftex.def Info: ./latex_figures/velocity.png  used on input line 145.
(pdftex.def)             Requested size: 234.8775pt x 176.15327pt.

Overfull \hbox (14.99998pt too wide) in paragraph at lines 134--150
[]$[]$$[]$ 
 []

[3]
<./latex_figures/FBD.png, id=192, 387.4475pt x 381.425pt>
File: ./latex_figures/FBD.png Graphic file (type png)
<use ./latex_figures/FBD.png>
Package pdftex.def Info: ./latex_figures/FBD.png  used on input line 163.
(pdftex.def)             Requested size: 140.92793pt x 138.7388pt.


LaTeX Font Warning: Command \small invalid in math mode on input line 174.


LaTeX Font Warning: Command \small invalid in math mode on input line 184.


LaTeX Font Warning: Command \small invalid in math mode on input line 194.

[4 <./latex_figures/position.png (PNG copy)> <./latex_figures/velocity.png (PNG
 copy)> <./latex_figures/FBD.png>]

LaTeX Font Warning: Command \small invalid in math mode on input line 214.


LaTeX Font Warning: Command \small invalid in math mode on input line 249.


Underfull \hbox (badness 10000) in paragraph at lines 261--264

 []


LaTeX Font Warning: Command \small invalid in math mode on input line 270.

[5
pdfTeX warning (ext4): destination with the same identifier (name{equation.7.2}
) has been already used, duplicate ignored
<argument> ...shipout:D \box_use:N \l_shipout_box 
                                                  \__shipout_drop_firstpage_...
l.281             \end{equation}
                                
pdfTeX warning (ext4): destination with the same identifier (name{equation.7.3}
) has been already used, duplicate ignored
<argument> ...shipout:D \box_use:N \l_shipout_box 
                                                  \__shipout_drop_firstpage_...
l.281             \end{equation}
                                ]

LaTeX Font Warning: Command \small invalid in math mode on input line 296.

<./latex_figures/gravitational-potential-energy.png, id=222, 642.4pt x 481.8pt>

File: ./latex_figures/gravitational-potential-energy.png Graphic file (type png
)
<use ./latex_figures/gravitational-potential-energy.png>
Package pdftex.def Info: ./latex_figures/gravitational-potential-energy.png  us
ed on input line 310.
(pdftex.def)             Requested size: 234.8775pt x 176.15327pt.
<./latex_figures/gravitational-potential-energy-zoomed.png, id=223, 642.4pt x 4
81.8pt>
File: ./latex_figures/gravitational-potential-energy-zoomed.png Graphic file (t
ype png)
<use ./latex_figures/gravitational-potential-energy-zoomed.png>
Package pdftex.def Info: ./latex_figures/gravitational-potential-energy-zoomed.
png  used on input line 319.
(pdftex.def)             Requested size: 234.8775pt x 176.15327pt.

Overfull \hbox (14.99998pt too wide) in paragraph at lines 307--324
[]$[]$$[]$ 
 []


Underfull \hbox (badness 10000) in paragraph at lines 307--324

 []

[6
pdfTeX warning (ext4): destination with the same identifier (name{equation.7.4}
) has been already used, duplicate ignored
<argument> ...shipout:D \box_use:N \l_shipout_box 
                                                  \__shipout_drop_firstpage_...
l.330 
       <./latex_figures/gravitational-potential-energy.png (PNG copy)> <./latex
_figures/gravitational-potential-energy-zoomed.png (PNG copy)>]

LaTeX Font Warning: Command \small invalid in math mode on input line 339.

<./latex_figures/elastic-potential-energy.png, id=236, 642.4pt x 481.8pt>
File: ./latex_figures/elastic-potential-energy.png Graphic file (type png)
<use ./latex_figures/elastic-potential-energy.png>
Package pdftex.def Info: ./latex_figures/elastic-potential-energy.png  used on 
input line 352.
(pdftex.def)             Requested size: 234.8775pt x 176.15327pt.
<./latex_figures/elastic-potential-energy-zoomed.png, id=237, 642.4pt x 481.8pt
>
File: ./latex_figures/elastic-potential-energy-zoomed.png Graphic file (type pn
g)
<use ./latex_figures/elastic-potential-energy-zoomed.png>
Package pdftex.def Info: ./latex_figures/elastic-potential-energy-zoomed.png  u
sed on input line 361.
(pdftex.def)             Requested size: 234.8775pt x 176.15327pt.

Overfull \hbox (14.99998pt too wide) in paragraph at lines 348--366
[]$[]$$[]$ 
 []


Underfull \hbox (badness 10000) in paragraph at lines 348--366

 []


LaTeX Font Warning: Command \small invalid in math mode on input line 378.

[7 <./latex_figures/elastic-potential-energy.png (PNG copy)> <./latex_figures/e
lastic-potential-energy-zoomed.png (PNG copy)>]
<./latex_figures/kinetic-energy.png, id=247, 642.4pt x 481.8pt>
File: ./latex_figures/kinetic-energy.png Graphic file (type png)
<use ./latex_figures/kinetic-energy.png>
Package pdftex.def Info: ./latex_figures/kinetic-energy.png  used on input line
 390.
(pdftex.def)             Requested size: 234.8775pt x 176.15327pt.
<./latex_figures/kinetic-energy-zoomed.png, id=248, 642.4pt x 481.8pt>
File: ./latex_figures/kinetic-energy-zoomed.png Graphic file (type png)
<use ./latex_figures/kinetic-energy-zoomed.png>
Package pdftex.def Info: ./latex_figures/kinetic-energy-zoomed.png  used on inp
ut line 399.
(pdftex.def)             Requested size: 234.8775pt x 176.15327pt.

Overfull \hbox (14.99998pt too wide) in paragraph at lines 386--404
[]$[]$$[]$ 
 []


Underfull \hbox (badness 10000) in paragraph at lines 386--404

 []

<./latex_figures/mechanical-energy.png, id=253, 642.4pt x 481.8pt>
File: ./latex_figures/mechanical-energy.png Graphic file (type png)
<use ./latex_figures/mechanical-energy.png>
Package pdftex.def Info: ./latex_figures/mechanical-energy.png  used on input l
ine 419.
(pdftex.def)             Requested size: 234.8775pt x 176.15327pt.
[8 <./latex_figures/kinetic-energy.png (PNG copy)> <./latex_figures/kinetic-ene
rgy-zoomed.png (PNG copy)> <./latex_figures/mechanical-energy.png (PNG copy)>]

LaTeX Font Warning: Command \small invalid in math mode on input line 475.

LaTeX Font Info:    Calculating math sizes for size <> on input line 481.

LaTeX Font Warning: Font shape `OT1/cmr/m/n' in size <> not available
(Font)              size <5> substituted on input line 481.


LaTeX Font Warning: Font shape `OT1/cmr/m/n' in size <0.7> not available
(Font)              size <5> substituted on input line 481.


LaTeX Font Warning: Font shape `OT1/cmr/m/n' in size <0.5> not available
(Font)              size <5> substituted on input line 481.


LaTeX Font Warning: Font shape `OML/cmm/m/it' in size <> not available
(Font)              size <5> substituted on input line 481.


LaTeX Font Warning: Font shape `OML/cmm/m/it' in size <0.7> not available
(Font)              size <5> substituted on input line 481.


LaTeX Font Warning: Font shape `OML/cmm/m/it' in size <0.5> not available
(Font)              size <5> substituted on input line 481.


LaTeX Font Warning: Font shape `OMS/cmsy/m/n' in size <> not available
(Font)              size <5> substituted on input line 481.


LaTeX Font Warning: Font shape `OMS/cmsy/m/n' in size <0.7> not available
(Font)              size <5> substituted on input line 481.


LaTeX Font Warning: Font shape `OMS/cmsy/m/n' in size <0.5> not available
(Font)              size <5> substituted on input line 481.


LaTeX Font Warning: Command \small invalid in math mode on input line 524.

[9]

LaTeX Font Warning: Command \small invalid in math mode on input line 535.


LaTeX Font Warning: Command \small invalid in math mode on input line 548.


LaTeX Font Warning: Command \small invalid in math mode on input line 559.

<./latex_figures/mechanical-energy-linear-fit-5s.png, id=276, 642.4pt x 481.8pt
>
File: ./latex_figures/mechanical-energy-linear-fit-5s.png Graphic file (type pn
g)
<use ./latex_figures/mechanical-energy-linear-fit-5s.png>
Package pdftex.def Info: ./latex_figures/mechanical-energy-linear-fit-5s.png  u
sed on input line 572.
(pdftex.def)             Requested size: 234.8775pt x 176.15327pt.
[10 <./latex_figures/mechanical-energy-linear-fit-5s.png (PNG copy)>]
Underfull \hbox (badness 10000) in paragraph at lines 579--581

 []


LaTeX Font Warning: Command \small invalid in math mode on input line 621.


LaTeX Font Warning: Command \small invalid in math mode on input line 667.

[11]

LaTeX Font Warning: Command \small invalid in math mode on input line 679.


LaTeX Font Warning: Command \small invalid in math mode on input line 693.


LaTeX Font Warning: Command \small invalid in math mode on input line 707.

<./latex_figures/mechanical-energy-linear-fit-100s.png, id=299, 642.4pt x 481.8
pt>
File: ./latex_figures/mechanical-energy-linear-fit-100s.png Graphic file (type 
png)
<use ./latex_figures/mechanical-energy-linear-fit-100s.png>
Package pdftex.def Info: ./latex_figures/mechanical-energy-linear-fit-100s.png 
 used on input line 720.
(pdftex.def)             Requested size: 230.18253pt x 172.63182pt.
[12 <./latex_figures/mechanical-energy-linear-fit-100s.png (PNG copy)>]

LaTeX Font Warning: Command \small invalid in math mode on input line 770.


LaTeX Font Warning: Command \small invalid in math mode on input line 819.

[13]

LaTeX Font Warning: Command \small invalid in math mode on input line 830.


LaTeX Font Warning: Command \small invalid in math mode on input line 844.


LaTeX Font Warning: Command \small invalid in math mode on input line 857.

<./latex_figures/mechanical-energy-linear-fit-300s.png, id=323, 642.4pt x 481.8
pt>
File: ./latex_figures/mechanical-energy-linear-fit-300s.png Graphic file (type 
png)
<use ./latex_figures/mechanical-energy-linear-fit-300s.png>
Package pdftex.def Info: ./latex_figures/mechanical-energy-linear-fit-300s.png 
 used on input line 870.
(pdftex.def)             Requested size: 220.78543pt x 165.58893pt.
[14 <./latex_figures/mechanical-energy-linear-fit-300s.png (PNG copy)>]
<./latex_figures/mechanical-energy-linear-fit-all.png, id=332, 642.4pt x 481.8p
t>
File: ./latex_figures/mechanical-energy-linear-fit-all.png Graphic file (type p
ng)
<use ./latex_figures/mechanical-energy-linear-fit-all.png>
Package pdftex.def Info: ./latex_figures/mechanical-energy-linear-fit-all.png  
used on input line 885.
(pdftex.def)             Requested size: 216.09045pt x 162.06747pt.
<./latex_figures/mechanical-energy-rate-of-change.png, id=333, 642.4pt x 481.8p
t>
File: ./latex_figures/mechanical-energy-rate-of-change.png Graphic file (type p
ng)
<use ./latex_figures/mechanical-energy-rate-of-change.png>
Package pdftex.def Info: ./latex_figures/mechanical-energy-rate-of-change.png  
used on input line 902.
(pdftex.def)             Requested size: 216.08687pt x 162.06013pt.
File: ./latex_figures/velocity.png Graphic file (type png)
<use ./latex_figures/velocity.png>
Package pdftex.def Info: ./latex_figures/velocity.png  used on input line 911.
(pdftex.def)             Requested size: 216.08687pt x 162.06013pt.

Overfull \hbox (14.99998pt too wide) in paragraph at lines 898--916
[]$[]$$[]$ 
 []

[15 <./latex_figures/mechanical-energy-linear-fit-all.png (PNG copy)> <./latex_
figures/mechanical-energy-rate-of-change.png (PNG copy)>]

LaTeX Font Warning: Command \small invalid in math mode on input line 941.

<./latex_figures/average-spring-energy.png, id=344, 642.4pt x 481.8pt>
File: ./latex_figures/average-spring-energy.png Graphic file (type png)
<use ./latex_figures/average-spring-energy.png>
Package pdftex.def Info: ./latex_figures/average-spring-energy.png  used on inp
ut line 953.
(pdftex.def)             Requested size: 234.8775pt x 176.15327pt.
[16 <./latex_figures/average-spring-energy.png (PNG copy)>]
File: ./latex_figures/mechanical-energy-rate-of-change.png Graphic file (type p
ng)
<use ./latex_figures/mechanical-energy-rate-of-change.png>
Package pdftex.def Info: ./latex_figures/mechanical-energy-rate-of-change.png  
used on input line 968.
(pdftex.def)             Requested size: 234.8775pt x 176.15327pt.

Underfull \hbox (badness 10000) in paragraph at lines 976--980

 []

<./latex_figures/mechanical-energy-exponential-fit.png, id=352, 642.4pt x 481.8
pt>
File: ./latex_figures/mechanical-energy-exponential-fit.png Graphic file (type 
png)
<use ./latex_figures/mechanical-energy-exponential-fit.png>
Package pdftex.def Info: ./latex_figures/mechanical-energy-exponential-fit.png 
 used on input line 988.
(pdftex.def)             Requested size: 234.8775pt x 176.15327pt.
[17]
<./latex_figures/change-in-mechanical-energy.png, id=358, 642.4pt x 481.8pt>
File: ./latex_figures/change-in-mechanical-energy.png Graphic file (type png)
<use ./latex_figures/change-in-mechanical-energy.png>
Package pdftex.def Info: ./latex_figures/change-in-mechanical-energy.png  used 
on input line 1005.
(pdftex.def)             Requested size: 234.8775pt x 176.15327pt.


LaTeX Font Warning: Command \small invalid in math mode on input line 1016.

[18 <./latex_figures/mechanical-energy-exponential-fit.png (PNG copy)> <./latex
_figures/change-in-mechanical-energy.png (PNG copy)>] [19] [20]
(C:/Users\Stealth\Documents\physicslab\auxil\main.aux)
 ***********
LaTeX2e <2023-06-01> patch level 1
L3 programming layer <2023-08-29>
 ***********


LaTeX Font Warning: Size substitutions with differences
(Font)              up to 4.5pt have occurred.

Package rerunfilecheck Info: File `main.out' has not changed.
(rerunfilecheck)             Checksum: 04BE48309864B4A0CD9C0623A4AFD16E;6903.
 ) 
Here is how much of TeX's memory you used:
 10146 strings out of 475248
 166194 string characters out of 5756868
 1944785 words of memory out of 5000000
 31435 multiletter control sequences out of 15000+600000
 565605 words of font info for 63 fonts, out of 8000000 for 9000
 1141 hyphenation exceptions out of 8191
 75i,13n,79p,898b,502s stack positions out of 10000i,1000n,20000p,200000b,200000s
 <C:\Users\Stealth\AppData\Local\MiKTeX\fonts/pk/ljfour/jknappen/ec/dpi600\tc
rm1000.pk><C:/Users/Stealth/AppData/Local/Programs/MiKTeX/fonts/type1/public/am
sfonts/cm/cmbx10.pfb><C:/Users/Stealth/AppData/Local/Programs/MiKTeX/fonts/type
1/public/amsfonts/cm/cmbx12.pfb><C:/Users/Stealth/AppData/Local/Programs/MiKTeX
/fonts/type1/public/amsfonts/cm/cmmi10.pfb><C:/Users/Stealth/AppData/Local/Prog
rams/MiKTeX/fonts/type1/public/amsfonts/cm/cmmi12.pfb><C:/Users/Stealth/AppData
/Local/Programs/MiKTeX/fonts/type1/public/amsfonts/cm/cmmi6.pfb><C:/Users/Steal
th/AppData/Local/Programs/MiKTeX/fonts/type1/public/amsfonts/cm/cmmi7.pfb><C:/U
sers/Stealth/AppData/Local/Programs/MiKTeX/fonts/type1/public/amsfonts/cm/cmmi9
.pfb><C:/Users/Stealth/AppData/Local/Programs/MiKTeX/fonts/type1/public/amsfont
s/cm/cmr10.pfb><C:/Users/Stealth/AppData/Local/Programs/MiKTeX/fonts/type1/publ
ic/amsfonts/cm/cmr12.pfb><C:/Users/Stealth/AppData/Local/Programs/MiKTeX/fonts/
type1/public/amsfonts/cm/cmr17.pfb><C:/Users/Stealth/AppData/Local/Programs/MiK
TeX/fonts/type1/public/amsfonts/cm/cmr5.pfb><C:/Users/Stealth/AppData/Local/Pro
grams/MiKTeX/fonts/type1/public/amsfonts/cm/cmr6.pfb><C:/Users/Stealth/AppData/
Local/Programs/MiKTeX/fonts/type1/public/amsfonts/cm/cmr7.pfb><C:/Users/Stealth
/AppData/Local/Programs/MiKTeX/fonts/type1/public/amsfonts/cm/cmr8.pfb><C:/User
s/Stealth/AppData/Local/Programs/MiKTeX/fonts/type1/public/amsfonts/cm/cmr9.pfb
><C:/Users/Stealth/AppData/Local/Programs/MiKTeX/fonts/type1/public/amsfonts/cm
/cmsy10.pfb><C:/Users/Stealth/AppData/Local/Programs/MiKTeX/fonts/type1/public/
amsfonts/cm/cmsy6.pfb><C:/Users/Stealth/AppData/Local/Programs/MiKTeX/fonts/typ
e1/public/amsfonts/cm/cmsy7.pfb><C:/Users/Stealth/AppData/Local/Programs/MiKTeX
/fonts/type1/public/amsfonts/cm/cmsy9.pfb>
Output written on C:/Users\Stealth\Documents\physicslab\out\main.pdf (21 pages,
 696433 bytes).
PDF statistics:
 486 PDF objects out of 1000 (max. 8388607)
 113 named destinations out of 1000 (max. 500000)
 315 words of extra memory for PDF output out of 10000 (max. 10000000)

